2023-12-15 17:18:47.374 CST [JavaFX Application Thread] INFO  xyz.zcraft.zpixiv.ui.Main 34 start - Loading frame
2023-12-15 17:18:47.406 CST [JavaFX Application Thread] ERROR xyz.zcraft.zpixiv.ui.Main 49 start - Exception in window initialize javafx.fxml.LoadException: 
/D:/JavaProjects/ZPixiv/target/classes/xyz/zcraft/zpixiv/ui/fxml/Main.fxml:22

	at javafx.fxml/javafx.fxml.FXMLLoader.constructLoadException(FXMLLoader.java:2722) ~[javafx-fxml-21.0.1-win.jar:?]
	at javafx.fxml/javafx.fxml.FXMLLoader$ValueElement.processAttribute(FXMLLoader.java:935) ~[javafx-fxml-21.0.1-win.jar:?]
	at javafx.fxml/javafx.fxml.FXMLLoader$InstanceDeclarationElement.processAttribute(FXMLLoader.java:983) ~[javafx-fxml-21.0.1-win.jar:?]
	at javafx.fxml/javafx.fxml.FXMLLoader$Element.processStartElement(FXMLLoader.java:230) ~[javafx-fxml-21.0.1-win.jar:?]
	at javafx.fxml/javafx.fxml.FXMLLoader$ValueElement.processStartElement(FXMLLoader.java:757) ~[javafx-fxml-21.0.1-win.jar:?]
	at javafx.fxml/javafx.fxml.FXMLLoader.processStartElement(FXMLLoader.java:2853) ~[javafx-fxml-21.0.1-win.jar:?]
	at javafx.fxml/javafx.fxml.FXMLLoader.loadImpl(FXMLLoader.java:2649) ~[javafx-fxml-21.0.1-win.jar:?]
	at javafx.fxml/javafx.fxml.FXMLLoader.loadImpl(FXMLLoader.java:2563) ~[javafx-fxml-21.0.1-win.jar:?]
	at javafx.fxml/javafx.fxml.FXMLLoader.load(FXMLLoader.java:2531) ~[javafx-fxml-21.0.1-win.jar:?]
	at ZPixiv/xyz.zcraft.zpixiv.ui.Main.start(Main.java:37) ~[classes/:?]
	at javafx.graphics/com.sun.javafx.application.LauncherImpl.lambda$launchApplication1$9(LauncherImpl.java:839) ~[javafx-graphics-21.0.1-win.jar:?]
	at javafx.graphics/com.sun.javafx.application.PlatformImpl.lambda$runAndWait$12(PlatformImpl.java:483) ~[javafx-graphics-21.0.1-win.jar:?]
	at javafx.graphics/com.sun.javafx.application.PlatformImpl.lambda$runLater$10(PlatformImpl.java:456) ~[javafx-graphics-21.0.1-win.jar:?]
	at java.base/java.security.AccessController.doPrivileged(AccessController.java:399) ~[?:?]
	at javafx.graphics/com.sun.javafx.application.PlatformImpl.lambda$runLater$11(PlatformImpl.java:455) ~[javafx-graphics-21.0.1-win.jar:?]
	at javafx.graphics/com.sun.glass.ui.InvokeLaterDispatcher$Future.run(InvokeLaterDispatcher.java:95) ~[javafx-graphics-21.0.1-win.jar:?]
	at javafx.graphics/com.sun.glass.ui.win.WinApplication._runLoop(Native Method) ~[javafx-graphics-21.0.1-win.jar:?]
	at javafx.graphics/com.sun.glass.ui.win.WinApplication.lambda$runLoop$3(WinApplication.java:185) ~[javafx-graphics-21.0.1-win.jar:?]
	at java.base/java.lang.Thread.run(Thread.java:833) [?:?]
Caused by: java.lang.ClassNotFoundException: xyz.zcraft.zpixiv.controller.ui.MainController
	at java.base/jdk.internal.loader.BuiltinClassLoader.loadClass(BuiltinClassLoader.java:641) ~[?:?]
	at java.base/jdk.internal.loader.ClassLoaders$AppClassLoader.loadClass(ClassLoaders.java:188) ~[?:?]
	at java.base/java.lang.ClassLoader.loadClass(ClassLoader.java:520) ~[?:?]
	at javafx.fxml/javafx.fxml.FXMLLoader$ValueElement.processAttribute(FXMLLoader.java:933) ~[javafx-fxml-21.0.1-win.jar:?]
	... 17 more

2023-12-15 17:19:43.319 CST [JavaFX Application Thread] INFO  xyz.zcraft.zpixiv.ui.Main 34 start - Loading frame
2023-12-15 17:19:43.641 CST [JavaFX Application Thread] INFO  xyz.zcraft.zpixiv.ui.controller.MainController 42 initialize - Initializing main layout...
2023-12-15 17:19:43.643 CST [JavaFX Application Thread] ERROR xyz.zcraft.zpixiv.ui.Main 49 start - Exception in window initialize javafx.fxml.LoadException: 
/D:/JavaProjects/ZPixiv/target/classes/xyz/zcraft/zpixiv/ui/fxml/Main.fxml

	at javafx.fxml/javafx.fxml.FXMLLoader.constructLoadException(FXMLLoader.java:2722) ~[javafx-fxml-21.0.1-win.jar:?]
	at javafx.fxml/javafx.fxml.FXMLLoader.loadImpl(FXMLLoader.java:2700) ~[javafx-fxml-21.0.1-win.jar:?]
	at javafx.fxml/javafx.fxml.FXMLLoader.loadImpl(FXMLLoader.java:2563) ~[javafx-fxml-21.0.1-win.jar:?]
	at javafx.fxml/javafx.fxml.FXMLLoader.load(FXMLLoader.java:2531) ~[javafx-fxml-21.0.1-win.jar:?]
	at ZPixiv/xyz.zcraft.zpixiv.ui.Main.start(Main.java:37) ~[classes/:?]
	at javafx.graphics/com.sun.javafx.application.LauncherImpl.lambda$launchApplication1$9(LauncherImpl.java:839) ~[javafx-graphics-21.0.1-win.jar:?]
	at javafx.graphics/com.sun.javafx.application.PlatformImpl.lambda$runAndWait$12(PlatformImpl.java:483) ~[javafx-graphics-21.0.1-win.jar:?]
	at javafx.graphics/com.sun.javafx.application.PlatformImpl.lambda$runLater$10(PlatformImpl.java:456) ~[javafx-graphics-21.0.1-win.jar:?]
	at java.base/java.security.AccessController.doPrivileged(AccessController.java:399) ~[?:?]
	at javafx.graphics/com.sun.javafx.application.PlatformImpl.lambda$runLater$11(PlatformImpl.java:455) ~[javafx-graphics-21.0.1-win.jar:?]
	at javafx.graphics/com.sun.glass.ui.InvokeLaterDispatcher$Future.run(InvokeLaterDispatcher.java:95) ~[javafx-graphics-21.0.1-win.jar:?]
	at javafx.graphics/com.sun.glass.ui.win.WinApplication._runLoop(Native Method) ~[javafx-graphics-21.0.1-win.jar:?]
	at javafx.graphics/com.sun.glass.ui.win.WinApplication.lambda$runLoop$3(WinApplication.java:185) ~[javafx-graphics-21.0.1-win.jar:?]
	at java.base/java.lang.Thread.run(Thread.java:833) [?:?]
Caused by: java.lang.IllegalStateException: Location is not set.
	at javafx.fxml/javafx.fxml.FXMLLoader.loadImpl(FXMLLoader.java:2556) ~[javafx-fxml-21.0.1-win.jar:?]
	at javafx.fxml/javafx.fxml.FXMLLoader.load(FXMLLoader.java:2531) ~[javafx-fxml-21.0.1-win.jar:?]
	at ZPixiv/xyz.zcraft.zpixiv.ui.controller.MainController.initialize(MainController.java:45) ~[classes/:?]
	at javafx.fxml/javafx.fxml.FXMLLoader.loadImpl(FXMLLoader.java:2670) ~[javafx-fxml-21.0.1-win.jar:?]
	... 12 more

2023-12-15 17:20:16.972 CST [JavaFX Application Thread] INFO  xyz.zcraft.zpixiv.ui.Main 34 start - Loading frame
2023-12-15 17:20:17.192 CST [JavaFX Application Thread] INFO  xyz.zcraft.zpixiv.ui.controller.MainController 42 initialize - Initializing main layout...
2023-12-15 17:20:40.312 CST [JavaFX Application Thread] INFO  xyz.zcraft.zpixiv.ui.controller.DemoController 111 login - Logging with cookie first_visit_datetime_pc\=2023-12-09%2000%3A31%3A23; p_ab_id\=1; p_ab_id_2\=9; p_ab_d_id\=2119249579; yuid_b\=JoQmCAU; _ga\=GA1.1.393857997.1702049508; PHPSESSID\=88458885_Ql5YbIGwOedSBORfcf0nT8aD7m04viOu; device_token\=055e3735b501d5527ac98244331602d7; privacy_policy_agreement\=6; _ga_MZ1NL4PHH0\=GS1.1.1702049507.1.0.1702049513.0.0.0; c_type\=23; privacy_policy_notification\=0; a_type\=0; b_type\=1; QSI_S_ZN_5hF4My7Ad6VNNAi\=v\:0\:0; login_ever\=yes; cf_clearance\=Gj7w_f1.OppmblJZGZFCPtw8s_V5lvzNFVyyzaXk9.A-1702103605-0-1-43c30945.15d808a2.14c256a5-0.2.1702103605, proxy :
2023-12-15 17:20:40.682 CST [pool-3-thread-1] INFO  xyz.zcraft.zpixiv.api.PixivClient 37 <init> - Getting user info
2023-12-15 17:20:40.793 CST [pool-3-thread-1] ERROR xyz.zcraft.zpixiv.ui.controller.DemoController 136 lambda$login$5 - Error logging in java.net.ConnectException: Connection refused: no further information
	at java.base/sun.nio.ch.Net.pollConnect(Native Method) ~[?:?]
	at java.base/sun.nio.ch.Net.pollConnectNow(Net.java:672) ~[?:?]
	at java.base/sun.nio.ch.NioSocketImpl.timedFinishConnect(NioSocketImpl.java:542) ~[?:?]
	at java.base/sun.nio.ch.NioSocketImpl.connect(NioSocketImpl.java:597) ~[?:?]
	at java.base/java.net.SocksSocketImpl.connect(SocksSocketImpl.java:327) ~[?:?]
	at java.base/java.net.Socket.connect(Socket.java:633) ~[?:?]
	at java.base/sun.security.ssl.SSLSocketImpl.connect(SSLSocketImpl.java:299) ~[?:?]
	at java.base/sun.net.NetworkClient.doConnect(NetworkClient.java:178) ~[?:?]
	at java.base/sun.net.www.http.HttpClient.openServer(HttpClient.java:498) ~[?:?]
	at java.base/sun.net.www.http.HttpClient.openServer(HttpClient.java:603) ~[?:?]
	at java.base/sun.net.www.protocol.https.HttpsClient.<init>(HttpsClient.java:266) ~[?:?]
	at java.base/sun.net.www.protocol.https.HttpsClient.New(HttpsClient.java:380) ~[?:?]
	at java.base/sun.net.www.protocol.https.AbstractDelegateHttpsURLConnection.getNewHttpClient(AbstractDelegateHttpsURLConnection.java:189) ~[?:?]
	at java.base/sun.net.www.protocol.http.HttpURLConnection.plainConnect0(HttpURLConnection.java:1242) ~[?:?]
	at java.base/sun.net.www.protocol.http.HttpURLConnection.plainConnect(HttpURLConnection.java:1128) ~[?:?]
	at java.base/sun.net.www.protocol.https.AbstractDelegateHttpsURLConnection.connect(AbstractDelegateHttpsURLConnection.java:175) ~[?:?]
	at java.base/sun.net.www.protocol.https.HttpsURLConnectionImpl.connect(HttpsURLConnectionImpl.java:142) ~[?:?]
	at org.jsoup@1.16.2/org.jsoup.helper.HttpConnection$Response.execute(HttpConnection.java:832) ~[jsoup-1.16.2.jar:?]
	at org.jsoup@1.16.2/org.jsoup.helper.HttpConnection$Response.execute(HttpConnection.java:802) ~[jsoup-1.16.2.jar:?]
	at org.jsoup@1.16.2/org.jsoup.helper.HttpConnection.execute(HttpConnection.java:345) ~[jsoup-1.16.2.jar:?]
	at org.jsoup@1.16.2/org.jsoup.helper.HttpConnection.get(HttpConnection.java:330) ~[jsoup-1.16.2.jar:?]
	at ZPixiv/xyz.zcraft.zpixiv.api.PixivClient.<init>(PixivClient.java:38) ~[classes/:?]
	at ZPixiv/xyz.zcraft.zpixiv.ui.controller.DemoController.lambda$login$5(DemoController.java:127) ~[classes/:?]
	at java.base/java.util.concurrent.Executors$RunnableAdapter.call(Executors.java:539) [?:?]
	at java.base/java.util.concurrent.FutureTask.run(FutureTask.java:264) [?:?]
	at java.base/java.util.concurrent.ThreadPoolExecutor.runWorker(ThreadPoolExecutor.java:1136) [?:?]
	at java.base/java.util.concurrent.ThreadPoolExecutor$Worker.run(ThreadPoolExecutor.java:635) [?:?]
	at java.base/java.lang.Thread.run(Thread.java:833) [?:?]

2023-12-15 17:20:46.658 CST [JavaFX Application Thread] INFO  xyz.zcraft.zpixiv.ui.controller.DemoController 111 login - Logging with cookie first_visit_datetime_pc\=2023-12-09%2000%3A31%3A23; p_ab_id\=1; p_ab_id_2\=9; p_ab_d_id\=2119249579; yuid_b\=JoQmCAU; _ga\=GA1.1.393857997.1702049508; PHPSESSID\=88458885_Ql5YbIGwOedSBORfcf0nT8aD7m04viOu; device_token\=055e3735b501d5527ac98244331602d7; privacy_policy_agreement\=6; _ga_MZ1NL4PHH0\=GS1.1.1702049507.1.0.1702049513.0.0.0; c_type\=23; privacy_policy_notification\=0; a_type\=0; b_type\=1; QSI_S_ZN_5hF4My7Ad6VNNAi\=v\:0\:0; login_ever\=yes; cf_clearance\=Gj7w_f1.OppmblJZGZFCPtw8s_V5lvzNFVyyzaXk9.A-1702103605-0-1-43c30945.15d808a2.14c256a5-0.2.1702103605, proxy :
2023-12-15 17:20:46.660 CST [pool-3-thread-1] INFO  xyz.zcraft.zpixiv.api.PixivClient 37 <init> - Getting user info
2023-12-15 17:20:46.668 CST [pool-3-thread-1] ERROR xyz.zcraft.zpixiv.ui.controller.DemoController 136 lambda$login$5 - Error logging in java.net.ConnectException: Connection refused: no further information
	at java.base/sun.nio.ch.Net.pollConnect(Native Method) ~[?:?]
	at java.base/sun.nio.ch.Net.pollConnectNow(Net.java:672) ~[?:?]
	at java.base/sun.nio.ch.NioSocketImpl.timedFinishConnect(NioSocketImpl.java:542) ~[?:?]
	at java.base/sun.nio.ch.NioSocketImpl.connect(NioSocketImpl.java:597) ~[?:?]
	at java.base/java.net.SocksSocketImpl.connect(SocksSocketImpl.java:327) ~[?:?]
	at java.base/java.net.Socket.connect(Socket.java:633) ~[?:?]
	at java.base/sun.security.ssl.SSLSocketImpl.connect(SSLSocketImpl.java:299) ~[?:?]
	at java.base/sun.net.NetworkClient.doConnect(NetworkClient.java:178) ~[?:?]
	at java.base/sun.net.www.http.HttpClient.openServer(HttpClient.java:498) ~[?:?]
	at java.base/sun.net.www.http.HttpClient.openServer(HttpClient.java:603) ~[?:?]
	at java.base/sun.net.www.protocol.https.HttpsClient.<init>(HttpsClient.java:266) ~[?:?]
	at java.base/sun.net.www.protocol.https.HttpsClient.New(HttpsClient.java:380) ~[?:?]
	at java.base/sun.net.www.protocol.https.AbstractDelegateHttpsURLConnection.getNewHttpClient(AbstractDelegateHttpsURLConnection.java:189) ~[?:?]
	at java.base/sun.net.www.protocol.http.HttpURLConnection.plainConnect0(HttpURLConnection.java:1242) ~[?:?]
	at java.base/sun.net.www.protocol.http.HttpURLConnection.plainConnect(HttpURLConnection.java:1128) ~[?:?]
	at java.base/sun.net.www.protocol.https.AbstractDelegateHttpsURLConnection.connect(AbstractDelegateHttpsURLConnection.java:175) ~[?:?]
	at java.base/sun.net.www.protocol.https.HttpsURLConnectionImpl.connect(HttpsURLConnectionImpl.java:142) ~[?:?]
	at org.jsoup@1.16.2/org.jsoup.helper.HttpConnection$Response.execute(HttpConnection.java:832) ~[jsoup-1.16.2.jar:?]
	at org.jsoup@1.16.2/org.jsoup.helper.HttpConnection$Response.execute(HttpConnection.java:802) ~[jsoup-1.16.2.jar:?]
	at org.jsoup@1.16.2/org.jsoup.helper.HttpConnection.execute(HttpConnection.java:345) ~[jsoup-1.16.2.jar:?]
	at org.jsoup@1.16.2/org.jsoup.helper.HttpConnection.get(HttpConnection.java:330) ~[jsoup-1.16.2.jar:?]
	at ZPixiv/xyz.zcraft.zpixiv.api.PixivClient.<init>(PixivClient.java:38) ~[classes/:?]
	at ZPixiv/xyz.zcraft.zpixiv.ui.controller.DemoController.lambda$login$5(DemoController.java:127) ~[classes/:?]
	at java.base/java.util.concurrent.Executors$RunnableAdapter.call(Executors.java:539) [?:?]
	at java.base/java.util.concurrent.FutureTask.run(FutureTask.java:264) [?:?]
	at java.base/java.util.concurrent.ThreadPoolExecutor.runWorker(ThreadPoolExecutor.java:1136) [?:?]
	at java.base/java.util.concurrent.ThreadPoolExecutor$Worker.run(ThreadPoolExecutor.java:635) [?:?]
	at java.base/java.lang.Thread.run(Thread.java:833) [?:?]

2023-12-15 17:21:13.371 CST [JavaFX Application Thread] INFO  xyz.zcraft.zpixiv.ui.controller.DemoController 111 login - Logging with cookie first_visit_datetime_pc\=2023-12-09%2000%3A31%3A23; p_ab_id\=1; p_ab_id_2\=9; p_ab_d_id\=2119249579; yuid_b\=JoQmCAU; _ga\=GA1.1.393857997.1702049508; PHPSESSID\=88458885_Ql5YbIGwOedSBORfcf0nT8aD7m04viOu; device_token\=055e3735b501d5527ac98244331602d7; privacy_policy_agreement\=6; _ga_MZ1NL4PHH0\=GS1.1.1702049507.1.0.1702049513.0.0.0; c_type\=23; privacy_policy_notification\=0; a_type\=0; b_type\=1; QSI_S_ZN_5hF4My7Ad6VNNAi\=v\:0\:0; login_ever\=yes; cf_clearance\=Gj7w_f1.OppmblJZGZFCPtw8s_V5lvzNFVyyzaXk9.A-1702103605-0-1-43c30945.15d808a2.14c256a5-0.2.1702103605, proxy :
2023-12-15 17:21:13.372 CST [pool-3-thread-1] INFO  xyz.zcraft.zpixiv.api.PixivClient 37 <init> - Getting user info
2023-12-15 17:23:08.316 CST [JavaFX Application Thread] INFO  xyz.zcraft.zpixiv.ui.Main 34 start - Loading frame
2023-12-15 17:23:08.659 CST [JavaFX Application Thread] INFO  xyz.zcraft.zpixiv.ui.controller.MainController 42 initialize - Initializing main layout...
2023-12-15 17:23:18.661 CST [JavaFX Application Thread] INFO  xyz.zcraft.zpixiv.ui.controller.DemoController 111 login - Logging with cookie first_visit_datetime_pc\=2023-12-09%2000%3A31%3A23; p_ab_id\=1; p_ab_id_2\=9; p_ab_d_id\=2119249579; yuid_b\=JoQmCAU; _ga\=GA1.1.393857997.1702049508; PHPSESSID\=88458885_Ql5YbIGwOedSBORfcf0nT8aD7m04viOu; device_token\=055e3735b501d5527ac98244331602d7; privacy_policy_agreement\=6; _ga_MZ1NL4PHH0\=GS1.1.1702049507.1.0.1702049513.0.0.0; c_type\=23; privacy_policy_notification\=0; a_type\=0; b_type\=1; QSI_S_ZN_5hF4My7Ad6VNNAi\=v\:0\:0; login_ever\=yes; cf_clearance\=Gj7w_f1.OppmblJZGZFCPtw8s_V5lvzNFVyyzaXk9.A-1702103605-0-1-43c30945.15d808a2.14c256a5-0.2.1702103605, proxy :
2023-12-15 17:23:33.266 CST [pool-3-thread-1] INFO  xyz.zcraft.zpixiv.api.PixivClient 37 <init> - Getting user info
2023-12-15 17:24:01.090 CST [JavaFX Application Thread] INFO  xyz.zcraft.zpixiv.ui.Main 34 start - Loading frame
2023-12-15 17:24:01.434 CST [JavaFX Application Thread] INFO  xyz.zcraft.zpixiv.ui.controller.MainController 42 initialize - Initializing main layout...
2023-12-15 17:24:04.581 CST [JavaFX Application Thread] INFO  xyz.zcraft.zpixiv.ui.controller.DemoController 111 login - Logging with cookie first_visit_datetime_pc\=2023-12-09%2000%3A31%3A23; p_ab_id\=1; p_ab_id_2\=9; p_ab_d_id\=2119249579; yuid_b\=JoQmCAU; _ga\=GA1.1.393857997.1702049508; PHPSESSID\=88458885_Ql5YbIGwOedSBORfcf0nT8aD7m04viOu; device_token\=055e3735b501d5527ac98244331602d7; privacy_policy_agreement\=6; _ga_MZ1NL4PHH0\=GS1.1.1702049507.1.0.1702049513.0.0.0; c_type\=23; privacy_policy_notification\=0; a_type\=0; b_type\=1; QSI_S_ZN_5hF4My7Ad6VNNAi\=v\:0\:0; login_ever\=yes; cf_clearance\=Gj7w_f1.OppmblJZGZFCPtw8s_V5lvzNFVyyzaXk9.A-1702103605-0-1-43c30945.15d808a2.14c256a5-0.2.1702103605, proxy :
2023-12-15 17:24:09.187 CST [pool-3-thread-1] INFO  xyz.zcraft.zpixiv.api.PixivClient 37 <init> - Getting user info
2023-12-15 17:25:51.961 CST [JavaFX Application Thread] INFO  xyz.zcraft.zpixiv.ui.Main 34 start - Loading frame
2023-12-15 17:25:52.267 CST [JavaFX Application Thread] INFO  xyz.zcraft.zpixiv.ui.controller.MainController 42 initialize - Initializing main layout...
2023-12-15 17:25:55.006 CST [JavaFX Application Thread] INFO  xyz.zcraft.zpixiv.ui.controller.DemoController 111 login - Logging with cookie p_ab_id=1; p_ab_id_2=9; p_ab_d_id=2119249579; _ga=GA1.1.393857997.1702049508; PHPSESSID=88458885_Ql5YbIGwOedSBORfcf0nT8aD7m04viOu; device_token=055e3735b501d5527ac98244331602d7; privacy_policy_agreement=6; _ga_MZ1NL4PHH0=GS1.1.1702049507.1.0.1702049513.0.0.0; c_type=23; privacy_policy_notification=0; a_type=0; b_type=1; cf_clearance=FK6aDPsCJpG3wfF9hG_MOZUkR9j.sVEnB_uMQAazcNI-1702478505-0-1-3dac6067.aed29d2f.6aad3f87-0.2.1702478505; __cf_bm=BXuWb.m1wEYzDelkBbi0WqTIRTlg5QLUiTmTeWR.4iw-1702632318-1-AQ2bOAy7z65dM1ipa3M+ong4dghZRKETZUyzy78wb9xKTgLsBvHUwnVmEZnHqta337plYg+J/Lkj0JDFYP3sK/yTPnnFm0RoFs9WVDCKKVNm, proxy :
2023-12-15 17:25:55.352 CST [pool-3-thread-1] INFO  xyz.zcraft.zpixiv.api.PixivClient 37 <init> - Getting user info
2023-12-15 17:26:12.585 CST [pool-3-thread-1] INFO  xyz.zcraft.zpixiv.ui.controller.ArtworkController 225 load - Loading artwork 107120169
2023-12-15 17:26:12.590 CST [pool-3-thread-1] INFO  xyz.zcraft.zpixiv.ui.controller.ArtworkController 280 load - Loading artwork 107120169 complete
2023-12-15 17:26:13.202 CST [pool-3-thread-3] INFO  xyz.zcraft.zpixiv.ui.controller.ArtworkController 513 lambda$getAuthorImgRunnable$18 - Author image loaded
2023-12-15 17:26:13.336 CST [pool-3-thread-4] INFO  xyz.zcraft.zpixiv.ui.controller.ArtworkController 418 lambda$getImageLoadRunnable$15 - Got 1 pages for artwork 107120169
2023-12-15 17:26:13.338 CST [pool-3-thread-3] INFO  xyz.zcraft.zpixiv.ui.controller.ArtworkController 439 lambda$getImagePageLoadRunnable$16 - Loading page 1 for artwork 107120169
2023-12-15 17:26:14.160 CST [pool-3-thread-2] INFO  xyz.zcraft.zpixiv.ui.controller.ArtworkController 401 lambda$getPreviewLoadRunnable$14 - Preview image loaded
2023-12-15 17:26:14.610 CST [pool-3-thread-3] INFO  xyz.zcraft.zpixiv.ui.controller.ArtworkController 480 lambda$getImagePageLoadRunnable$16 - Page 1 for artwork 107120169 loaded
2023-12-15 17:27:27.506 CST [JavaFX Application Thread] INFO  xyz.zcraft.zpixiv.ui.Main 34 start - Loading frame
2023-12-15 17:27:27.726 CST [JavaFX Application Thread] INFO  xyz.zcraft.zpixiv.ui.controller.MainController 42 initialize - Initializing main layout...
2023-12-15 17:27:36.951 CST [JavaFX Application Thread] INFO  xyz.zcraft.zpixiv.ui.controller.DemoController 111 login - Logging with cookie p_ab_id=1; p_ab_id_2=9; p_ab_d_id=2119249579; _ga=GA1.1.393857997.1702049508; PHPSESSID=88458885_Ql5YbIGwOedSBORfcf0nT8aD7m04viOu; device_token=055e3735b501d5527ac98244331602d7; privacy_policy_agreement=6; _ga_MZ1NL4PHH0=GS1.1.1702049507.1.0.1702049513.0.0.0; c_type=23; privacy_policy_notification=0; a_type=0; b_type=1; cf_clearance=FK6aDPsCJpG3wfF9hG_MOZUkR9j.sVEnB_uMQAazcNI-1702478505-0-1-3dac6067.aed29d2f.6aad3f87-0.2.1702478505; __cf_bm=BXuWb.m1wEYzDelkBbi0WqTIRTlg5QLUiTmTeWR.4iw-1702632318-1-AQ2bOAy7z65dM1ipa3M+ong4dghZRKETZUyzy78wb9xKTgLsBvHUwnVmEZnHqta337plYg+J/Lkj0JDFYP3sK/yTPnnFm0RoFs9WVDCKKVNm, proxy :
2023-12-15 17:27:37.232 CST [pool-3-thread-1] INFO  xyz.zcraft.zpixiv.api.PixivClient 37 <init> - Getting user info
2023-12-15 17:27:42.066 CST [pool-3-thread-1] INFO  xyz.zcraft.zpixiv.ui.controller.ArtworkController 225 load - Loading artwork 107120169
2023-12-15 17:27:42.071 CST [pool-3-thread-1] INFO  xyz.zcraft.zpixiv.ui.controller.ArtworkController 280 load - Loading artwork 107120169 complete
2023-12-15 17:27:42.288 CST [pool-3-thread-4] INFO  xyz.zcraft.zpixiv.ui.controller.ArtworkController 418 lambda$getImageLoadRunnable$15 - Got 1 pages for artwork 107120169
2023-12-15 17:27:42.289 CST [pool-3-thread-1] INFO  xyz.zcraft.zpixiv.ui.controller.ArtworkController 439 lambda$getImagePageLoadRunnable$16 - Loading page 1 for artwork 107120169
2023-12-15 17:27:42.622 CST [pool-3-thread-3] INFO  xyz.zcraft.zpixiv.ui.controller.ArtworkController 513 lambda$getAuthorImgRunnable$18 - Author image loaded
2023-12-15 17:27:42.870 CST [pool-3-thread-2] INFO  xyz.zcraft.zpixiv.ui.controller.ArtworkController 401 lambda$getPreviewLoadRunnable$14 - Preview image loaded
2023-12-15 17:27:43.296 CST [pool-3-thread-1] INFO  xyz.zcraft.zpixiv.ui.controller.ArtworkController 480 lambda$getImagePageLoadRunnable$16 - Page 1 for artwork 107120169 loaded
2023-12-15 17:28:17.757 CST [JavaFX Application Thread] INFO  xyz.zcraft.zpixiv.ui.Main 34 start - Loading frame
2023-12-15 17:28:17.983 CST [JavaFX Application Thread] INFO  xyz.zcraft.zpixiv.ui.controller.MainController 42 initialize - Initializing main layout...
2023-12-15 17:30:07.701 CST [JavaFX Application Thread] INFO  xyz.zcraft.zpixiv.ui.controller.DemoController 111 login - Logging with cookie , proxy :
2023-12-15 17:30:07.936 CST [pool-3-thread-1] INFO  xyz.zcraft.zpixiv.api.PixivClient 37 <init> - Getting user info
2023-12-15 17:33:42.714 CST [JavaFX Application Thread] INFO  xyz.zcraft.zpixiv.ui.Main 34 start - Loading frame
2023-12-15 17:33:42.983 CST [JavaFX Application Thread] INFO  xyz.zcraft.zpixiv.ui.controller.MainController 42 initialize - Initializing main layout...
2023-12-15 17:33:48.632 CST [JavaFX Application Thread] INFO  xyz.zcraft.zpixiv.ui.controller.DemoController 111 login - Logging with cookie p_ab_id=1; p_ab_id_2=9; p_ab_d_id=2119249579; _ga=GA1.1.393857997.1702049508; PHPSESSID=88458885_Ql5YbIGwOedSBORfcf0nT8aD7m04viOu; device_token=055e3735b501d5527ac98244331602d7; privacy_policy_agreement=6; _ga_MZ1NL4PHH0=GS1.1.1702049507.1.0.1702049513.0.0.0; c_type=23; privacy_policy_notification=0; a_type=0; b_type=1; cf_clearance=FK6aDPsCJpG3wfF9hG_MOZUkR9j.sVEnB_uMQAazcNI-1702478505-0-1-3dac6067.aed29d2f.6aad3f87-0.2.1702478505; __cf_bm=BXuWb.m1wEYzDelkBbi0WqTIRTlg5QLUiTmTeWR.4iw-1702632318-1-AQ2bOAy7z65dM1ipa3M+ong4dghZRKETZUyzy78wb9xKTgLsBvHUwnVmEZnHqta337plYg+J/Lkj0JDFYP3sK/yTPnnFm0RoFs9WVDCKKVNm, proxy :
2023-12-15 17:33:48.895 CST [pool-3-thread-1] INFO  xyz.zcraft.zpixiv.api.PixivClient 37 <init> - Getting user info
2023-12-15 17:33:52.316 CST [pool-3-thread-1] INFO  xyz.zcraft.zpixiv.ui.controller.ArtworkController 225 load - Loading artwork 107120169
2023-12-15 17:33:52.322 CST [pool-3-thread-1] INFO  xyz.zcraft.zpixiv.ui.controller.ArtworkController 280 load - Loading artwork 107120169 complete
2023-12-15 17:33:52.533 CST [pool-3-thread-4] INFO  xyz.zcraft.zpixiv.ui.controller.ArtworkController 418 lambda$getImageLoadRunnable$15 - Got 1 pages for artwork 107120169
2023-12-15 17:33:52.536 CST [pool-3-thread-1] INFO  xyz.zcraft.zpixiv.ui.controller.ArtworkController 439 lambda$getImagePageLoadRunnable$16 - Loading page 1 for artwork 107120169
2023-12-15 17:33:52.826 CST [pool-3-thread-3] INFO  xyz.zcraft.zpixiv.ui.controller.ArtworkController 513 lambda$getAuthorImgRunnable$18 - Author image loaded
2023-12-15 17:33:53.523 CST [pool-3-thread-1] INFO  xyz.zcraft.zpixiv.ui.controller.ArtworkController 480 lambda$getImagePageLoadRunnable$16 - Page 1 for artwork 107120169 loaded
2023-12-15 17:33:53.753 CST [pool-3-thread-2] INFO  xyz.zcraft.zpixiv.ui.controller.ArtworkController 401 lambda$getPreviewLoadRunnable$14 - Preview image loaded
2023-12-15 17:35:24.870 CST [JavaFX Application Thread] INFO  xyz.zcraft.zpixiv.ui.Main 34 start - Loading frame
2023-12-15 17:35:25.075 CST [JavaFX Application Thread] INFO  xyz.zcraft.zpixiv.ui.controller.MainController 42 initialize - Initializing main layout...
2023-12-15 17:35:28.881 CST [JavaFX Application Thread] INFO  xyz.zcraft.zpixiv.ui.controller.DemoController 111 login - Logging with cookie p_ab_id=1; p_ab_id_2=9; p_ab_d_id=2119249579; _ga=GA1.1.393857997.1702049508; PHPSESSID=88458885_Ql5YbIGwOedSBORfcf0nT8aD7m04viOu; device_token=055e3735b501d5527ac98244331602d7; privacy_policy_agreement=6; _ga_MZ1NL4PHH0=GS1.1.1702049507.1.0.1702049513.0.0.0; c_type=23; privacy_policy_notification=0; a_type=0; b_type=1; cf_clearance=FK6aDPsCJpG3wfF9hG_MOZUkR9j.sVEnB_uMQAazcNI-1702478505-0-1-3dac6067.aed29d2f.6aad3f87-0.2.1702478505; __cf_bm=BXuWb.m1wEYzDelkBbi0WqTIRTlg5QLUiTmTeWR.4iw-1702632318-1-AQ2bOAy7z65dM1ipa3M+ong4dghZRKETZUyzy78wb9xKTgLsBvHUwnVmEZnHqta337plYg+J/Lkj0JDFYP3sK/yTPnnFm0RoFs9WVDCKKVNm, proxy :
2023-12-15 17:35:29.214 CST [pool-3-thread-1] INFO  xyz.zcraft.zpixiv.api.PixivClient 37 <init> - Getting user info
2023-12-15 17:35:39.935 CST [pool-3-thread-1] INFO  xyz.zcraft.zpixiv.ui.controller.ArtworkController 225 load - Loading artwork 107120169
2023-12-15 17:35:39.940 CST [pool-3-thread-1] INFO  xyz.zcraft.zpixiv.ui.controller.ArtworkController 280 load - Loading artwork 107120169 complete
2023-12-15 17:35:40.505 CST [pool-3-thread-3] INFO  xyz.zcraft.zpixiv.ui.controller.ArtworkController 513 lambda$getAuthorImgRunnable$18 - Author image loaded
2023-12-15 17:35:40.696 CST [pool-3-thread-4] INFO  xyz.zcraft.zpixiv.ui.controller.ArtworkController 418 lambda$getImageLoadRunnable$15 - Got 1 pages for artwork 107120169
2023-12-15 17:35:40.698 CST [pool-3-thread-3] INFO  xyz.zcraft.zpixiv.ui.controller.ArtworkController 439 lambda$getImagePageLoadRunnable$16 - Loading page 1 for artwork 107120169
2023-12-15 17:35:41.257 CST [pool-3-thread-2] INFO  xyz.zcraft.zpixiv.ui.controller.ArtworkController 401 lambda$getPreviewLoadRunnable$14 - Preview image loaded
2023-12-15 17:35:41.726 CST [pool-3-thread-3] INFO  xyz.zcraft.zpixiv.ui.controller.ArtworkController 480 lambda$getImagePageLoadRunnable$16 - Page 1 for artwork 107120169 loaded
2023-12-15 17:37:17.437 CST [pool-3-thread-6] INFO  xyz.zcraft.zpixiv.ui.controller.ArtworkController 225 load - Loading artwork 114192981
2023-12-15 17:37:17.440 CST [pool-3-thread-6] INFO  xyz.zcraft.zpixiv.ui.controller.ArtworkController 280 load - Loading artwork 114192981 complete
2023-12-15 17:37:17.440 CST [pool-3-thread-9] INFO  xyz.zcraft.zpixiv.ui.controller.ArtworkController 285 lambda$getGifLoadRunnable$12 - Loading gif artwork 114192981
2023-12-15 17:37:18.156 CST [pool-3-thread-8] INFO  xyz.zcraft.zpixiv.ui.controller.ArtworkController 513 lambda$getAuthorImgRunnable$18 - Author image loaded
2023-12-15 17:37:19.013 CST [pool-3-thread-7] INFO  xyz.zcraft.zpixiv.ui.controller.ArtworkController 401 lambda$getPreviewLoadRunnable$14 - Preview image loaded
2023-12-15 17:37:39.859 CST [pool-3-thread-9] INFO  xyz.zcraft.zpixiv.ui.controller.ArtworkController 225 load - Loading artwork 113957228
2023-12-15 17:37:39.860 CST [pool-3-thread-9] INFO  xyz.zcraft.zpixiv.ui.controller.ArtworkController 280 load - Loading artwork 113957228 complete
2023-12-15 17:37:40.372 CST [pool-3-thread-6] INFO  xyz.zcraft.zpixiv.ui.controller.ArtworkController 513 lambda$getAuthorImgRunnable$18 - Author image loaded
2023-12-15 17:37:40.514 CST [pool-3-thread-8] INFO  xyz.zcraft.zpixiv.ui.controller.ArtworkController 401 lambda$getPreviewLoadRunnable$14 - Preview image loaded
2023-12-15 17:37:40.552 CST [pool-3-thread-7] INFO  xyz.zcraft.zpixiv.ui.controller.ArtworkController 418 lambda$getImageLoadRunnable$15 - Got 2 pages for artwork 113957228
2023-12-15 17:37:40.553 CST [pool-3-thread-8] INFO  xyz.zcraft.zpixiv.ui.controller.ArtworkController 439 lambda$getImagePageLoadRunnable$16 - Loading page 1 for artwork 113957228
2023-12-15 17:37:40.553 CST [pool-3-thread-9] INFO  xyz.zcraft.zpixiv.ui.controller.ArtworkController 439 lambda$getImagePageLoadRunnable$16 - Loading page 2 for artwork 113957228
2023-12-15 17:38:23.768 CST [pool-3-thread-9] INFO  xyz.zcraft.zpixiv.ui.controller.ArtworkController 225 load - Loading artwork 113957228
2023-12-15 17:38:23.770 CST [pool-3-thread-9] INFO  xyz.zcraft.zpixiv.ui.controller.ArtworkController 280 load - Loading artwork 113957228 complete
2023-12-15 17:38:23.968 CST [pool-3-thread-7] INFO  xyz.zcraft.zpixiv.ui.controller.ArtworkController 418 lambda$getImageLoadRunnable$15 - Got 2 pages for artwork 113957228
2023-12-15 17:38:23.969 CST [pool-3-thread-9] INFO  xyz.zcraft.zpixiv.ui.controller.ArtworkController 439 lambda$getImagePageLoadRunnable$16 - Loading page 1 for artwork 113957228
2023-12-15 17:38:23.970 CST [pool-3-thread-10] INFO  xyz.zcraft.zpixiv.ui.controller.ArtworkController 439 lambda$getImagePageLoadRunnable$16 - Loading page 2 for artwork 113957228
2023-12-15 17:38:24.326 CST [pool-3-thread-6] INFO  xyz.zcraft.zpixiv.ui.controller.ArtworkController 513 lambda$getAuthorImgRunnable$18 - Author image loaded
2023-12-15 17:38:24.588 CST [pool-3-thread-8] INFO  xyz.zcraft.zpixiv.ui.controller.ArtworkController 401 lambda$getPreviewLoadRunnable$14 - Preview image loaded
2023-12-15 17:38:24.910 CST [pool-3-thread-9] INFO  xyz.zcraft.zpixiv.ui.controller.ArtworkController 480 lambda$getImagePageLoadRunnable$16 - Page 1 for artwork 113957228 loaded
2023-12-15 17:38:25.008 CST [pool-3-thread-10] INFO  xyz.zcraft.zpixiv.ui.controller.ArtworkController 480 lambda$getImagePageLoadRunnable$16 - Page 2 for artwork 113957228 loaded
2023-12-15 17:38:52.918 CST [JavaFX Application Thread] INFO  xyz.zcraft.zpixiv.ui.Main 34 start - Loading frame
2023-12-15 17:38:53.208 CST [JavaFX Application Thread] INFO  xyz.zcraft.zpixiv.ui.controller.MainController 42 initialize - Initializing main layout...
2023-12-15 17:38:58.450 CST [JavaFX Application Thread] INFO  xyz.zcraft.zpixiv.ui.controller.DemoController 111 login - Logging with cookie p_ab_id=1; p_ab_id_2=9; p_ab_d_id=2119249579; _ga=GA1.1.393857997.1702049508; PHPSESSID=88458885_Ql5YbIGwOedSBORfcf0nT8aD7m04viOu; device_token=055e3735b501d5527ac98244331602d7; privacy_policy_agreement=6; _ga_MZ1NL4PHH0=GS1.1.1702049507.1.0.1702049513.0.0.0; c_type=23; privacy_policy_notification=0; a_type=0; b_type=1; cf_clearance=FK6aDPsCJpG3wfF9hG_MOZUkR9j.sVEnB_uMQAazcNI-1702478505-0-1-3dac6067.aed29d2f.6aad3f87-0.2.1702478505; __cf_bm=BXuWb.m1wEYzDelkBbi0WqTIRTlg5QLUiTmTeWR.4iw-1702632318-1-AQ2bOAy7z65dM1ipa3M+ong4dghZRKETZUyzy78wb9xKTgLsBvHUwnVmEZnHqta337plYg+J/Lkj0JDFYP3sK/yTPnnFm0RoFs9WVDCKKVNm, proxy :
2023-12-15 17:38:58.751 CST [pool-3-thread-1] INFO  xyz.zcraft.zpixiv.api.PixivClient 37 <init> - Getting user info
2023-12-15 17:38:59.844 CST [JavaFX Application Thread] ERROR xyz.zcraft.zpixiv.ui.controller.DemoController 74 openArtworkBtnOnAction - Error opening artwork javafx.fxml.LoadException: 
/D:/JavaProjects/ZPixiv/target/classes/xyz/zcraft/zpixiv/ui/fxml/Artwork.fxml:20

	at javafx.fxml/javafx.fxml.FXMLLoader.constructLoadException(FXMLLoader.java:2722) ~[javafx-fxml-21.0.1-win.jar:?]
	at javafx.fxml/javafx.fxml.FXMLLoader.loadImpl(FXMLLoader.java:2700) ~[javafx-fxml-21.0.1-win.jar:?]
	at javafx.fxml/javafx.fxml.FXMLLoader.loadImpl(FXMLLoader.java:2563) ~[javafx-fxml-21.0.1-win.jar:?]
	at javafx.fxml/javafx.fxml.FXMLLoader.load(FXMLLoader.java:2531) ~[javafx-fxml-21.0.1-win.jar:?]
	at ZPixiv/xyz.zcraft.zpixiv.ui.controller.DemoController.openArtworkBtnOnAction(DemoController.java:53) ~[classes/:?]
	at java.base/jdk.internal.reflect.NativeMethodAccessorImpl.invoke0(Native Method) ~[?:?]
	at java.base/jdk.internal.reflect.NativeMethodAccessorImpl.invoke(NativeMethodAccessorImpl.java:77) ~[?:?]
	at java.base/jdk.internal.reflect.DelegatingMethodAccessorImpl.invoke(DelegatingMethodAccessorImpl.java:43) ~[?:?]
	at java.base/java.lang.reflect.Method.invoke(Method.java:568) ~[?:?]
	at com.sun.javafx.reflect.Trampoline.invoke(MethodUtil.java:72) ~[javafx-base-21.0.1-win.jar:?]
	at jdk.internal.reflect.GeneratedMethodAccessor2.invoke(Unknown Source) ~[?:?]
	at java.base/jdk.internal.reflect.DelegatingMethodAccessorImpl.invoke(DelegatingMethodAccessorImpl.java:43) ~[?:?]
	at java.base/java.lang.reflect.Method.invoke(Method.java:568) ~[?:?]
	at javafx.base/com.sun.javafx.reflect.MethodUtil.invoke(MethodUtil.java:270) ~[javafx-base-21.0.1-win.jar:?]
	at javafx.fxml/com.sun.javafx.fxml.MethodHelper.invoke(MethodHelper.java:84) ~[javafx-fxml-21.0.1-win.jar:?]
	at javafx.fxml/javafx.fxml.FXMLLoader$MethodHandler.invoke(FXMLLoader.java:1855) ~[javafx-fxml-21.0.1-win.jar:?]
	at javafx.fxml/javafx.fxml.FXMLLoader$ControllerMethodEventHandler.handle(FXMLLoader.java:1726) ~[javafx-fxml-21.0.1-win.jar:?]
	at javafx.base/com.sun.javafx.event.CompositeEventHandler.dispatchBubblingEvent(CompositeEventHandler.java:86) ~[javafx-base-21.0.1-win.jar:?]
	at javafx.base/com.sun.javafx.event.EventHandlerManager.dispatchBubblingEvent(EventHandlerManager.java:232) ~[javafx-base-21.0.1-win.jar:?]
	at javafx.base/com.sun.javafx.event.EventHandlerManager.dispatchBubblingEvent(EventHandlerManager.java:189) ~[javafx-base-21.0.1-win.jar:?]
	at javafx.base/com.sun.javafx.event.CompositeEventDispatcher.dispatchBubblingEvent(CompositeEventDispatcher.java:59) ~[javafx-base-21.0.1-win.jar:?]
	at javafx.base/com.sun.javafx.event.BasicEventDispatcher.dispatchEvent(BasicEventDispatcher.java:58) ~[javafx-base-21.0.1-win.jar:?]
	at javafx.base/com.sun.javafx.event.EventDispatchChainImpl.dispatchEvent(EventDispatchChainImpl.java:114) ~[javafx-base-21.0.1-win.jar:?]
	at javafx.base/com.sun.javafx.event.BasicEventDispatcher.dispatchEvent(BasicEventDispatcher.java:56) ~[javafx-base-21.0.1-win.jar:?]
	at javafx.base/com.sun.javafx.event.EventDispatchChainImpl.dispatchEvent(EventDispatchChainImpl.java:114) ~[javafx-base-21.0.1-win.jar:?]
	at javafx.base/com.sun.javafx.event.BasicEventDispatcher.dispatchEvent(BasicEventDispatcher.java:56) ~[javafx-base-21.0.1-win.jar:?]
	at javafx.base/com.sun.javafx.event.EventDispatchChainImpl.dispatchEvent(EventDispatchChainImpl.java:114) ~[javafx-base-21.0.1-win.jar:?]
	at javafx.base/com.sun.javafx.event.BasicEventDispatcher.dispatchEvent(BasicEventDispatcher.java:56) ~[javafx-base-21.0.1-win.jar:?]
	at javafx.base/com.sun.javafx.event.EventDispatchChainImpl.dispatchEvent(EventDispatchChainImpl.java:114) ~[javafx-base-21.0.1-win.jar:?]
	at javafx.base/com.sun.javafx.event.EventUtil.fireEventImpl(EventUtil.java:74) ~[javafx-base-21.0.1-win.jar:?]
	at javafx.base/com.sun.javafx.event.EventUtil.fireEvent(EventUtil.java:49) ~[javafx-base-21.0.1-win.jar:?]
	at javafx.base/javafx.event.Event.fireEvent(Event.java:198) ~[javafx-base-21.0.1-win.jar:?]
	at javafx.graphics/javafx.scene.Node.fireEvent(Node.java:8875) ~[javafx-graphics-21.0.1-win.jar:?]
	at javafx.controls/javafx.scene.control.Button.fire(Button.java:203) ~[javafx-controls-21.0.1-win.jar:?]
	at javafx.controls/com.sun.javafx.scene.control.behavior.ButtonBehavior.mouseReleased(ButtonBehavior.java:207) ~[javafx-controls-21.0.1-win.jar:?]
	at javafx.controls/com.sun.javafx.scene.control.inputmap.InputMap.handle(InputMap.java:274) ~[javafx-controls-21.0.1-win.jar:?]
	at javafx.base/com.sun.javafx.event.CompositeEventHandler$NormalEventHandlerRecord.handleBubblingEvent(CompositeEventHandler.java:247) ~[javafx-base-21.0.1-win.jar:?]
	at javafx.base/com.sun.javafx.event.CompositeEventHandler.dispatchBubblingEvent(CompositeEventHandler.java:80) ~[javafx-base-21.0.1-win.jar:?]
	at javafx.base/com.sun.javafx.event.EventHandlerManager.dispatchBubblingEvent(EventHandlerManager.java:232) ~[javafx-base-21.0.1-win.jar:?]
	at javafx.base/com.sun.javafx.event.EventHandlerManager.dispatchBubblingEvent(EventHandlerManager.java:189) ~[javafx-base-21.0.1-win.jar:?]
	at javafx.base/com.sun.javafx.event.CompositeEventDispatcher.dispatchBubblingEvent(CompositeEventDispatcher.java:59) ~[javafx-base-21.0.1-win.jar:?]
	at javafx.base/com.sun.javafx.event.BasicEventDispatcher.dispatchEvent(BasicEventDispatcher.java:58) ~[javafx-base-21.0.1-win.jar:?]
	at javafx.base/com.sun.javafx.event.EventDispatchChainImpl.dispatchEvent(EventDispatchChainImpl.java:114) ~[javafx-base-21.0.1-win.jar:?]
	at javafx.base/com.sun.javafx.event.BasicEventDispatcher.dispatchEvent(BasicEventDispatcher.java:56) ~[javafx-base-21.0.1-win.jar:?]
	at javafx.base/com.sun.javafx.event.EventDispatchChainImpl.dispatchEvent(EventDispatchChainImpl.java:114) ~[javafx-base-21.0.1-win.jar:?]
	at javafx.base/com.sun.javafx.event.BasicEventDispatcher.dispatchEvent(BasicEventDispatcher.java:56) ~[javafx-base-21.0.1-win.jar:?]
	at javafx.base/com.sun.javafx.event.EventDispatchChainImpl.dispatchEvent(EventDispatchChainImpl.java:114) ~[javafx-base-21.0.1-win.jar:?]
	at javafx.base/com.sun.javafx.event.BasicEventDispatcher.dispatchEvent(BasicEventDispatcher.java:56) ~[javafx-base-21.0.1-win.jar:?]
	at javafx.base/com.sun.javafx.event.EventDispatchChainImpl.dispatchEvent(EventDispatchChainImpl.java:114) ~[javafx-base-21.0.1-win.jar:?]
	at javafx.base/com.sun.javafx.event.EventUtil.fireEventImpl(EventUtil.java:74) ~[javafx-base-21.0.1-win.jar:?]
	at javafx.base/com.sun.javafx.event.EventUtil.fireEvent(EventUtil.java:54) ~[javafx-base-21.0.1-win.jar:?]
	at javafx.base/javafx.event.Event.fireEvent(Event.java:198) ~[javafx-base-21.0.1-win.jar:?]
	at javafx.graphics/javafx.scene.Scene$MouseHandler.process(Scene.java:3984) ~[javafx-graphics-21.0.1-win.jar:?]
	at javafx.graphics/javafx.scene.Scene.processMouseEvent(Scene.java:1890) ~[javafx-graphics-21.0.1-win.jar:?]
	at javafx.graphics/javafx.scene.Scene$ScenePeerListener.mouseEvent(Scene.java:2708) ~[javafx-graphics-21.0.1-win.jar:?]
	at javafx.graphics/com.sun.javafx.tk.quantum.GlassViewEventHandler$MouseEventNotification.run(GlassViewEventHandler.java:411) ~[javafx-graphics-21.0.1-win.jar:?]
	at javafx.graphics/com.sun.javafx.tk.quantum.GlassViewEventHandler$MouseEventNotification.run(GlassViewEventHandler.java:301) ~[javafx-graphics-21.0.1-win.jar:?]
	at java.base/java.security.AccessController.doPrivileged(AccessController.java:399) ~[?:?]
	at javafx.graphics/com.sun.javafx.tk.quantum.GlassViewEventHandler.lambda$handleMouseEvent$2(GlassViewEventHandler.java:450) ~[javafx-graphics-21.0.1-win.jar:?]
	at javafx.graphics/com.sun.javafx.tk.quantum.QuantumToolkit.runWithoutRenderLock(QuantumToolkit.java:424) ~[javafx-graphics-21.0.1-win.jar:?]
	at javafx.graphics/com.sun.javafx.tk.quantum.GlassViewEventHandler.handleMouseEvent(GlassViewEventHandler.java:449) ~[javafx-graphics-21.0.1-win.jar:?]
	at javafx.graphics/com.sun.glass.ui.View.handleMouseEvent(View.java:551) ~[javafx-graphics-21.0.1-win.jar:?]
	at javafx.graphics/com.sun.glass.ui.View.notifyMouse(View.java:937) ~[javafx-graphics-21.0.1-win.jar:?]
	at javafx.graphics/com.sun.glass.ui.win.WinApplication._runLoop(Native Method) ~[javafx-graphics-21.0.1-win.jar:?]
	at javafx.graphics/com.sun.glass.ui.win.WinApplication.lambda$runLoop$3(WinApplication.java:185) ~[javafx-graphics-21.0.1-win.jar:?]
	at java.base/java.lang.Thread.run(Thread.java:833) [?:?]
Caused by: java.lang.IllegalArgumentException: Can not set javafx.scene.layout.VBox field xyz.zcraft.zpixiv.ui.controller.ArtworkController.root to javafx.scene.control.ScrollPane
	at java.base/jdk.internal.reflect.UnsafeFieldAccessorImpl.throwSetIllegalArgumentException(UnsafeFieldAccessorImpl.java:167) ~[?:?]
	at java.base/jdk.internal.reflect.UnsafeFieldAccessorImpl.throwSetIllegalArgumentException(UnsafeFieldAccessorImpl.java:171) ~[?:?]
	at java.base/jdk.internal.reflect.UnsafeObjectFieldAccessorImpl.set(UnsafeObjectFieldAccessorImpl.java:81) ~[?:?]
	at java.base/java.lang.reflect.Field.set(Field.java:799) ~[?:?]
	at javafx.fxml/javafx.fxml.FXMLLoader.injectFields(FXMLLoader.java:1175) ~[javafx-fxml-21.0.1-win.jar:?]
	at javafx.fxml/javafx.fxml.FXMLLoader$ValueElement.processValue(FXMLLoader.java:870) ~[javafx-fxml-21.0.1-win.jar:?]
	at javafx.fxml/javafx.fxml.FXMLLoader$ValueElement.processStartElement(FXMLLoader.java:764) ~[javafx-fxml-21.0.1-win.jar:?]
	at javafx.fxml/javafx.fxml.FXMLLoader.processStartElement(FXMLLoader.java:2853) ~[javafx-fxml-21.0.1-win.jar:?]
	at javafx.fxml/javafx.fxml.FXMLLoader.loadImpl(FXMLLoader.java:2649) ~[javafx-fxml-21.0.1-win.jar:?]
	... 64 more

2023-12-15 17:39:30.689 CST [JavaFX Application Thread] INFO  xyz.zcraft.zpixiv.ui.Main 34 start - Loading frame
2023-12-15 17:39:30.937 CST [JavaFX Application Thread] INFO  xyz.zcraft.zpixiv.ui.controller.MainController 42 initialize - Initializing main layout...
2023-12-15 17:39:33.441 CST [JavaFX Application Thread] INFO  xyz.zcraft.zpixiv.ui.controller.DemoController 111 login - Logging with cookie p_ab_id=1; p_ab_id_2=9; p_ab_d_id=2119249579; _ga=GA1.1.393857997.1702049508; PHPSESSID=88458885_Ql5YbIGwOedSBORfcf0nT8aD7m04viOu; device_token=055e3735b501d5527ac98244331602d7; privacy_policy_agreement=6; _ga_MZ1NL4PHH0=GS1.1.1702049507.1.0.1702049513.0.0.0; c_type=23; privacy_policy_notification=0; a_type=0; b_type=1; cf_clearance=FK6aDPsCJpG3wfF9hG_MOZUkR9j.sVEnB_uMQAazcNI-1702478505-0-1-3dac6067.aed29d2f.6aad3f87-0.2.1702478505; __cf_bm=BXuWb.m1wEYzDelkBbi0WqTIRTlg5QLUiTmTeWR.4iw-1702632318-1-AQ2bOAy7z65dM1ipa3M+ong4dghZRKETZUyzy78wb9xKTgLsBvHUwnVmEZnHqta337plYg+J/Lkj0JDFYP3sK/yTPnnFm0RoFs9WVDCKKVNm, proxy :
2023-12-15 17:39:33.707 CST [pool-3-thread-1] INFO  xyz.zcraft.zpixiv.api.PixivClient 37 <init> - Getting user info
2023-12-15 17:39:36.424 CST [pool-3-thread-1] INFO  xyz.zcraft.zpixiv.ui.controller.ArtworkController 225 load - Loading artwork 107120169
2023-12-15 17:39:36.429 CST [pool-3-thread-1] INFO  xyz.zcraft.zpixiv.ui.controller.ArtworkController 280 load - Loading artwork 107120169 complete
2023-12-15 17:39:36.648 CST [pool-3-thread-4] INFO  xyz.zcraft.zpixiv.ui.controller.ArtworkController 418 lambda$getImageLoadRunnable$15 - Got 1 pages for artwork 107120169
2023-12-15 17:39:36.651 CST [pool-3-thread-1] INFO  xyz.zcraft.zpixiv.ui.controller.ArtworkController 439 lambda$getImagePageLoadRunnable$16 - Loading page 1 for artwork 107120169
2023-12-15 17:39:36.965 CST [pool-3-thread-3] INFO  xyz.zcraft.zpixiv.ui.controller.ArtworkController 513 lambda$getAuthorImgRunnable$18 - Author image loaded
2023-12-15 17:39:37.639 CST [pool-3-thread-1] INFO  xyz.zcraft.zpixiv.ui.controller.ArtworkController 480 lambda$getImagePageLoadRunnable$16 - Page 1 for artwork 107120169 loaded
2023-12-15 17:39:37.768 CST [pool-3-thread-2] INFO  xyz.zcraft.zpixiv.ui.controller.ArtworkController 401 lambda$getPreviewLoadRunnable$14 - Preview image loaded
2023-12-15 17:40:18.377 CST [JavaFX Application Thread] INFO  xyz.zcraft.zpixiv.ui.Main 34 start - Loading frame
2023-12-15 17:40:18.664 CST [JavaFX Application Thread] INFO  xyz.zcraft.zpixiv.ui.controller.MainController 42 initialize - Initializing main layout...
2023-12-15 17:40:21.547 CST [JavaFX Application Thread] INFO  xyz.zcraft.zpixiv.ui.controller.DemoController 111 login - Logging with cookie p_ab_id=1; p_ab_id_2=9; p_ab_d_id=2119249579; _ga=GA1.1.393857997.1702049508; PHPSESSID=88458885_Ql5YbIGwOedSBORfcf0nT8aD7m04viOu; device_token=055e3735b501d5527ac98244331602d7; privacy_policy_agreement=6; _ga_MZ1NL4PHH0=GS1.1.1702049507.1.0.1702049513.0.0.0; c_type=23; privacy_policy_notification=0; a_type=0; b_type=1; cf_clearance=FK6aDPsCJpG3wfF9hG_MOZUkR9j.sVEnB_uMQAazcNI-1702478505-0-1-3dac6067.aed29d2f.6aad3f87-0.2.1702478505; __cf_bm=BXuWb.m1wEYzDelkBbi0WqTIRTlg5QLUiTmTeWR.4iw-1702632318-1-AQ2bOAy7z65dM1ipa3M+ong4dghZRKETZUyzy78wb9xKTgLsBvHUwnVmEZnHqta337plYg+J/Lkj0JDFYP3sK/yTPnnFm0RoFs9WVDCKKVNm, proxy :
2023-12-15 17:40:21.850 CST [pool-3-thread-1] INFO  xyz.zcraft.zpixiv.api.PixivClient 37 <init> - Getting user info
2023-12-15 17:40:24.333 CST [pool-3-thread-1] INFO  xyz.zcraft.zpixiv.ui.controller.ArtworkController 225 load - Loading artwork 107120169
2023-12-15 17:40:24.340 CST [pool-3-thread-1] INFO  xyz.zcraft.zpixiv.ui.controller.ArtworkController 280 load - Loading artwork 107120169 complete
2023-12-15 17:40:24.583 CST [pool-3-thread-4] INFO  xyz.zcraft.zpixiv.ui.controller.ArtworkController 418 lambda$getImageLoadRunnable$15 - Got 1 pages for artwork 107120169
2023-12-15 17:40:24.586 CST [pool-3-thread-1] INFO  xyz.zcraft.zpixiv.ui.controller.ArtworkController 439 lambda$getImagePageLoadRunnable$16 - Loading page 1 for artwork 107120169
2023-12-15 17:40:24.921 CST [pool-3-thread-3] INFO  xyz.zcraft.zpixiv.ui.controller.ArtworkController 513 lambda$getAuthorImgRunnable$18 - Author image loaded
2023-12-15 17:40:25.513 CST [pool-3-thread-1] INFO  xyz.zcraft.zpixiv.ui.controller.ArtworkController 480 lambda$getImagePageLoadRunnable$16 - Page 1 for artwork 107120169 loaded
2023-12-15 17:40:25.735 CST [pool-3-thread-2] INFO  xyz.zcraft.zpixiv.ui.controller.ArtworkController 401 lambda$getPreviewLoadRunnable$14 - Preview image loaded
2023-12-15 17:45:58.266 CST [JavaFX Application Thread] INFO  xyz.zcraft.zpixiv.ui.Main 34 start - Loading frame
2023-12-15 17:45:58.509 CST [JavaFX Application Thread] INFO  xyz.zcraft.zpixiv.ui.controller.MainController 52 initialize - Initializing main layout...
2023-12-15 17:46:01.247 CST [JavaFX Application Thread] INFO  xyz.zcraft.zpixiv.ui.controller.DemoController 111 login - Logging with cookie p_ab_id=1; p_ab_id_2=9; p_ab_d_id=2119249579; _ga=GA1.1.393857997.1702049508; PHPSESSID=88458885_Ql5YbIGwOedSBORfcf0nT8aD7m04viOu; device_token=055e3735b501d5527ac98244331602d7; privacy_policy_agreement=6; _ga_MZ1NL4PHH0=GS1.1.1702049507.1.0.1702049513.0.0.0; c_type=23; privacy_policy_notification=0; a_type=0; b_type=1; cf_clearance=FK6aDPsCJpG3wfF9hG_MOZUkR9j.sVEnB_uMQAazcNI-1702478505-0-1-3dac6067.aed29d2f.6aad3f87-0.2.1702478505; __cf_bm=BXuWb.m1wEYzDelkBbi0WqTIRTlg5QLUiTmTeWR.4iw-1702632318-1-AQ2bOAy7z65dM1ipa3M+ong4dghZRKETZUyzy78wb9xKTgLsBvHUwnVmEZnHqta337plYg+J/Lkj0JDFYP3sK/yTPnnFm0RoFs9WVDCKKVNm, proxy :
2023-12-15 17:46:01.516 CST [pool-3-thread-1] INFO  xyz.zcraft.zpixiv.api.PixivClient 37 <init> - Getting user info
2023-12-15 17:46:05.057 CST [pool-3-thread-1] INFO  xyz.zcraft.zpixiv.ui.controller.ArtworkController 225 load - Loading artwork 107120169
2023-12-15 17:46:05.103 CST [pool-3-thread-1] INFO  xyz.zcraft.zpixiv.ui.controller.ArtworkController 280 load - Loading artwork 107120169 complete
2023-12-15 17:46:05.663 CST [pool-3-thread-3] INFO  xyz.zcraft.zpixiv.ui.controller.ArtworkController 513 lambda$getAuthorImgRunnable$18 - Author image loaded
2023-12-15 17:46:05.873 CST [pool-3-thread-4] INFO  xyz.zcraft.zpixiv.ui.controller.ArtworkController 418 lambda$getImageLoadRunnable$15 - Got 1 pages for artwork 107120169
2023-12-15 17:46:05.874 CST [pool-3-thread-3] INFO  xyz.zcraft.zpixiv.ui.controller.ArtworkController 439 lambda$getImagePageLoadRunnable$16 - Loading page 1 for artwork 107120169
2023-12-15 17:46:06.528 CST [pool-3-thread-2] INFO  xyz.zcraft.zpixiv.ui.controller.ArtworkController 401 lambda$getPreviewLoadRunnable$14 - Preview image loaded
2023-12-15 17:46:06.752 CST [pool-3-thread-3] INFO  xyz.zcraft.zpixiv.ui.controller.ArtworkController 480 lambda$getImagePageLoadRunnable$16 - Page 1 for artwork 107120169 loaded
2023-12-15 17:46:22.981 CST [JavaFX Application Thread] INFO  xyz.zcraft.zpixiv.ui.Main 34 start - Loading frame
2023-12-15 17:46:23.222 CST [JavaFX Application Thread] INFO  xyz.zcraft.zpixiv.ui.controller.MainController 52 initialize - Initializing main layout...
2023-12-15 17:46:26.119 CST [JavaFX Application Thread] INFO  xyz.zcraft.zpixiv.ui.controller.DemoController 111 login - Logging with cookie p_ab_id=1; p_ab_id_2=9; p_ab_d_id=2119249579; _ga=GA1.1.393857997.1702049508; PHPSESSID=88458885_Ql5YbIGwOedSBORfcf0nT8aD7m04viOu; device_token=055e3735b501d5527ac98244331602d7; privacy_policy_agreement=6; _ga_MZ1NL4PHH0=GS1.1.1702049507.1.0.1702049513.0.0.0; c_type=23; privacy_policy_notification=0; a_type=0; b_type=1; cf_clearance=FK6aDPsCJpG3wfF9hG_MOZUkR9j.sVEnB_uMQAazcNI-1702478505-0-1-3dac6067.aed29d2f.6aad3f87-0.2.1702478505; __cf_bm=BXuWb.m1wEYzDelkBbi0WqTIRTlg5QLUiTmTeWR.4iw-1702632318-1-AQ2bOAy7z65dM1ipa3M+ong4dghZRKETZUyzy78wb9xKTgLsBvHUwnVmEZnHqta337plYg+J/Lkj0JDFYP3sK/yTPnnFm0RoFs9WVDCKKVNm, proxy :
2023-12-15 17:46:26.371 CST [pool-3-thread-1] INFO  xyz.zcraft.zpixiv.api.PixivClient 37 <init> - Getting user info
2023-12-15 17:46:28.702 CST [pool-3-thread-1] INFO  xyz.zcraft.zpixiv.ui.controller.ArtworkController 225 load - Loading artwork 107120169
2023-12-15 17:46:28.706 CST [pool-3-thread-1] INFO  xyz.zcraft.zpixiv.ui.controller.ArtworkController 280 load - Loading artwork 107120169 complete
2023-12-15 17:46:28.882 CST [pool-3-thread-4] INFO  xyz.zcraft.zpixiv.ui.controller.ArtworkController 418 lambda$getImageLoadRunnable$15 - Got 1 pages for artwork 107120169
2023-12-15 17:46:28.888 CST [pool-3-thread-1] INFO  xyz.zcraft.zpixiv.ui.controller.ArtworkController 439 lambda$getImagePageLoadRunnable$16 - Loading page 1 for artwork 107120169
2023-12-15 17:46:29.271 CST [pool-3-thread-3] INFO  xyz.zcraft.zpixiv.ui.controller.ArtworkController 513 lambda$getAuthorImgRunnable$18 - Author image loaded
2023-12-15 17:46:29.547 CST [pool-3-thread-2] INFO  xyz.zcraft.zpixiv.ui.controller.ArtworkController 401 lambda$getPreviewLoadRunnable$14 - Preview image loaded
2023-12-15 17:46:29.765 CST [pool-3-thread-1] INFO  xyz.zcraft.zpixiv.ui.controller.ArtworkController 480 lambda$getImagePageLoadRunnable$16 - Page 1 for artwork 107120169 loaded
2023-12-15 17:47:21.798 CST [JavaFX Application Thread] INFO  xyz.zcraft.zpixiv.ui.Main 34 start - Loading frame
2023-12-15 17:47:22.031 CST [JavaFX Application Thread] INFO  xyz.zcraft.zpixiv.ui.controller.MainController 52 initialize - Initializing main layout...
2023-12-15 17:47:24.345 CST [JavaFX Application Thread] INFO  xyz.zcraft.zpixiv.ui.controller.DemoController 111 login - Logging with cookie p_ab_id=1; p_ab_id_2=9; p_ab_d_id=2119249579; _ga=GA1.1.393857997.1702049508; PHPSESSID=88458885_Ql5YbIGwOedSBORfcf0nT8aD7m04viOu; device_token=055e3735b501d5527ac98244331602d7; privacy_policy_agreement=6; _ga_MZ1NL4PHH0=GS1.1.1702049507.1.0.1702049513.0.0.0; c_type=23; privacy_policy_notification=0; a_type=0; b_type=1; cf_clearance=FK6aDPsCJpG3wfF9hG_MOZUkR9j.sVEnB_uMQAazcNI-1702478505-0-1-3dac6067.aed29d2f.6aad3f87-0.2.1702478505; __cf_bm=BXuWb.m1wEYzDelkBbi0WqTIRTlg5QLUiTmTeWR.4iw-1702632318-1-AQ2bOAy7z65dM1ipa3M+ong4dghZRKETZUyzy78wb9xKTgLsBvHUwnVmEZnHqta337plYg+J/Lkj0JDFYP3sK/yTPnnFm0RoFs9WVDCKKVNm, proxy :
2023-12-15 17:47:24.600 CST [pool-3-thread-1] INFO  xyz.zcraft.zpixiv.api.PixivClient 37 <init> - Getting user info
2023-12-15 17:47:27.046 CST [pool-3-thread-1] INFO  xyz.zcraft.zpixiv.ui.controller.ArtworkController 225 load - Loading artwork 107120169
2023-12-15 17:47:27.049 CST [pool-3-thread-1] INFO  xyz.zcraft.zpixiv.ui.controller.ArtworkController 280 load - Loading artwork 107120169 complete
2023-12-15 17:47:27.242 CST [pool-3-thread-4] INFO  xyz.zcraft.zpixiv.ui.controller.ArtworkController 418 lambda$getImageLoadRunnable$15 - Got 1 pages for artwork 107120169
2023-12-15 17:47:27.244 CST [pool-3-thread-1] INFO  xyz.zcraft.zpixiv.ui.controller.ArtworkController 439 lambda$getImagePageLoadRunnable$16 - Loading page 1 for artwork 107120169
2023-12-15 17:47:27.592 CST [pool-3-thread-3] INFO  xyz.zcraft.zpixiv.ui.controller.ArtworkController 513 lambda$getAuthorImgRunnable$18 - Author image loaded
2023-12-15 17:47:28.088 CST [pool-3-thread-1] INFO  xyz.zcraft.zpixiv.ui.controller.ArtworkController 480 lambda$getImagePageLoadRunnable$16 - Page 1 for artwork 107120169 loaded
2023-12-15 17:47:28.336 CST [pool-3-thread-2] INFO  xyz.zcraft.zpixiv.ui.controller.ArtworkController 401 lambda$getPreviewLoadRunnable$14 - Preview image loaded
2023-12-15 17:49:55.191 CST [JavaFX Application Thread] INFO  xyz.zcraft.zpixiv.ui.Main 34 start - Loading frame
2023-12-15 17:49:55.404 CST [JavaFX Application Thread] INFO  xyz.zcraft.zpixiv.ui.controller.MainController 52 initialize - Initializing main layout...
2023-12-15 17:50:15.130 CST [JavaFX Application Thread] INFO  xyz.zcraft.zpixiv.ui.Main 34 start - Loading frame
2023-12-15 17:50:15.350 CST [JavaFX Application Thread] INFO  xyz.zcraft.zpixiv.ui.controller.MainController 52 initialize - Initializing main layout...
2023-12-15 17:50:34.926 CST [JavaFX Application Thread] INFO  xyz.zcraft.zpixiv.ui.Main 34 start - Loading frame
2023-12-15 17:50:35.168 CST [JavaFX Application Thread] INFO  xyz.zcraft.zpixiv.ui.controller.MainController 52 initialize - Initializing main layout...
2023-12-15 17:50:49.938 CST [JavaFX Application Thread] INFO  xyz.zcraft.zpixiv.ui.Main 34 start - Loading frame
2023-12-15 17:50:50.170 CST [JavaFX Application Thread] INFO  xyz.zcraft.zpixiv.ui.controller.MainController 52 initialize - Initializing main layout...
2023-12-15 17:51:03.633 CST [JavaFX Application Thread] INFO  xyz.zcraft.zpixiv.ui.Main 34 start - Loading frame
2023-12-15 17:51:03.867 CST [JavaFX Application Thread] INFO  xyz.zcraft.zpixiv.ui.controller.MainController 52 initialize - Initializing main layout...
2023-12-15 17:51:18.520 CST [JavaFX Application Thread] INFO  xyz.zcraft.zpixiv.ui.Main 34 start - Loading frame
2023-12-15 17:51:18.750 CST [JavaFX Application Thread] INFO  xyz.zcraft.zpixiv.ui.controller.MainController 52 initialize - Initializing main layout...
2023-12-15 17:51:27.128 CST [JavaFX Application Thread] INFO  xyz.zcraft.zpixiv.ui.Main 34 start - Loading frame
2023-12-15 17:51:27.364 CST [JavaFX Application Thread] INFO  xyz.zcraft.zpixiv.ui.controller.MainController 52 initialize - Initializing main layout...
2023-12-15 17:51:39.736 CST [JavaFX Application Thread] INFO  xyz.zcraft.zpixiv.ui.Main 34 start - Loading frame
2023-12-15 17:51:39.986 CST [JavaFX Application Thread] INFO  xyz.zcraft.zpixiv.ui.controller.MainController 52 initialize - Initializing main layout...
2023-12-15 17:51:45.987 CST [JavaFX Application Thread] INFO  xyz.zcraft.zpixiv.ui.controller.DemoController 111 login - Logging with cookie p_ab_id=1; p_ab_id_2=9; p_ab_d_id=2119249579; _ga=GA1.1.393857997.1702049508; PHPSESSID=88458885_Ql5YbIGwOedSBORfcf0nT8aD7m04viOu; device_token=055e3735b501d5527ac98244331602d7; privacy_policy_agreement=6; _ga_MZ1NL4PHH0=GS1.1.1702049507.1.0.1702049513.0.0.0; c_type=23; privacy_policy_notification=0; a_type=0; b_type=1; cf_clearance=FK6aDPsCJpG3wfF9hG_MOZUkR9j.sVEnB_uMQAazcNI-1702478505-0-1-3dac6067.aed29d2f.6aad3f87-0.2.1702478505; __cf_bm=BXuWb.m1wEYzDelkBbi0WqTIRTlg5QLUiTmTeWR.4iw-1702632318-1-AQ2bOAy7z65dM1ipa3M+ong4dghZRKETZUyzy78wb9xKTgLsBvHUwnVmEZnHqta337plYg+J/Lkj0JDFYP3sK/yTPnnFm0RoFs9WVDCKKVNm, proxy :
2023-12-15 17:51:46.242 CST [pool-3-thread-1] INFO  xyz.zcraft.zpixiv.api.PixivClient 37 <init> - Getting user info
2023-12-15 17:51:49.638 CST [pool-3-thread-1] INFO  xyz.zcraft.zpixiv.ui.controller.ArtworkController 225 load - Loading artwork 107120169
2023-12-15 17:51:49.642 CST [pool-3-thread-1] INFO  xyz.zcraft.zpixiv.ui.controller.ArtworkController 280 load - Loading artwork 107120169 complete
2023-12-15 17:51:49.828 CST [pool-3-thread-4] INFO  xyz.zcraft.zpixiv.ui.controller.ArtworkController 418 lambda$getImageLoadRunnable$15 - Got 1 pages for artwork 107120169
2023-12-15 17:51:49.831 CST [pool-3-thread-1] INFO  xyz.zcraft.zpixiv.ui.controller.ArtworkController 439 lambda$getImagePageLoadRunnable$16 - Loading page 1 for artwork 107120169
2023-12-15 17:51:50.178 CST [pool-3-thread-3] INFO  xyz.zcraft.zpixiv.ui.controller.ArtworkController 513 lambda$getAuthorImgRunnable$18 - Author image loaded
2023-12-15 17:51:50.830 CST [pool-3-thread-1] INFO  xyz.zcraft.zpixiv.ui.controller.ArtworkController 480 lambda$getImagePageLoadRunnable$16 - Page 1 for artwork 107120169 loaded
2023-12-15 17:51:50.931 CST [pool-3-thread-2] INFO  xyz.zcraft.zpixiv.ui.controller.ArtworkController 401 lambda$getPreviewLoadRunnable$14 - Preview image loaded
2023-12-15 17:57:38.146 CST [JavaFX Application Thread] INFO  xyz.zcraft.zpixiv.ui.Main 34 start - Loading frame
2023-12-15 17:57:38.554 CST [JavaFX Application Thread] INFO  xyz.zcraft.zpixiv.ui.controller.MainController 52 initialize - Initializing main layout...
2023-12-15 17:57:41.664 CST [JavaFX Application Thread] INFO  xyz.zcraft.zpixiv.ui.controller.DemoController 111 login - Logging with cookie p_ab_id=1; p_ab_id_2=9; p_ab_d_id=2119249579; _ga=GA1.1.393857997.1702049508; PHPSESSID=88458885_Ql5YbIGwOedSBORfcf0nT8aD7m04viOu; device_token=055e3735b501d5527ac98244331602d7; privacy_policy_agreement=6; _ga_MZ1NL4PHH0=GS1.1.1702049507.1.0.1702049513.0.0.0; c_type=23; privacy_policy_notification=0; a_type=0; b_type=1; cf_clearance=FK6aDPsCJpG3wfF9hG_MOZUkR9j.sVEnB_uMQAazcNI-1702478505-0-1-3dac6067.aed29d2f.6aad3f87-0.2.1702478505; __cf_bm=BXuWb.m1wEYzDelkBbi0WqTIRTlg5QLUiTmTeWR.4iw-1702632318-1-AQ2bOAy7z65dM1ipa3M+ong4dghZRKETZUyzy78wb9xKTgLsBvHUwnVmEZnHqta337plYg+J/Lkj0JDFYP3sK/yTPnnFm0RoFs9WVDCKKVNm, proxy :
2023-12-15 17:57:41.939 CST [pool-3-thread-1] INFO  xyz.zcraft.zpixiv.api.PixivClient 37 <init> - Getting user info
2023-12-15 17:57:45.505 CST [pool-3-thread-1] INFO  xyz.zcraft.zpixiv.ui.controller.ArtworkController 225 load - Loading artwork 107120169
2023-12-15 17:57:45.508 CST [pool-3-thread-1] INFO  xyz.zcraft.zpixiv.ui.controller.ArtworkController 280 load - Loading artwork 107120169 complete
2023-12-15 17:57:46.068 CST [pool-3-thread-3] INFO  xyz.zcraft.zpixiv.ui.controller.ArtworkController 513 lambda$getAuthorImgRunnable$18 - Author image loaded
2023-12-15 17:57:46.191 CST [pool-3-thread-4] INFO  xyz.zcraft.zpixiv.ui.controller.ArtworkController 418 lambda$getImageLoadRunnable$15 - Got 1 pages for artwork 107120169
2023-12-15 17:57:46.194 CST [pool-3-thread-3] INFO  xyz.zcraft.zpixiv.ui.controller.ArtworkController 439 lambda$getImagePageLoadRunnable$16 - Loading page 1 for artwork 107120169
2023-12-15 17:57:46.933 CST [pool-3-thread-2] INFO  xyz.zcraft.zpixiv.ui.controller.ArtworkController 401 lambda$getPreviewLoadRunnable$14 - Preview image loaded
2023-12-15 17:57:47.096 CST [pool-3-thread-3] INFO  xyz.zcraft.zpixiv.ui.controller.ArtworkController 480 lambda$getImagePageLoadRunnable$16 - Page 1 for artwork 107120169 loaded
